Time resolution is 1 ps
WARNING: file s_16.txt could not be opened
WARNING: file a3_out_1.txt could not be opened
WARNING: file a3_out_2.txt could not be opened
WARNING: file a3_out_3.txt could not be opened
ERROR: File descriptor (0) passed to $fscanf in file C:/Users/asus/Desktop/VLSI_lab1/lab1_a3/lab1_a3.srcs/sim_1/imports/iir_a3/a3_testbench.v at line 48 is not valid.
               0
ERROR: File descriptor (0) passed to $fscanf in file C:/Users/asus/Desktop/VLSI_lab1/lab1_a3/lab1_a3.srcs/sim_1/imports/iir_a3/a3_testbench.v at line 48 is not valid.
               0
ERROR: File descriptor (0) passed to $fscanf in file C:/Users/asus/Desktop/VLSI_lab1/lab1_a3/lab1_a3.srcs/sim_1/imports/iir_a3/a3_testbench.v at line 48 is not valid.
               0
ERROR: File descriptor (0) passed to $fscanf in file C:/Users/asus/Desktop/VLSI_lab1/lab1_a3/lab1_a3.srcs/sim_1/imports/iir_a3/a3_testbench.v at line 48 is not valid.
               0
ERROR: File descriptor (0) passed to $fscanf in file C:/Users/asus/Desktop/VLSI_lab1/lab1_a3/lab1_a3.srcs/sim_1/imports/iir_a3/a3_testbench.v at line 48 is not valid.
               0
ERROR: File descriptor (0) passed to $fscanf in file C:/Users/asus/Desktop/VLSI_lab1/lab1_a3/lab1_a3.srcs/sim_1/imports/iir_a3/a3_testbench.v at line 48 is not valid.
               0
ERROR: File descriptor (0) passed to $fscanf in file C:/Users/asus/Desktop/VLSI_lab1/lab1_a3/lab1_a3.srcs/sim_1/imports/iir_a3/a3_testbench.v at line 48 is not valid.
               0
ERROR: File descriptor (0) passed to $fscanf in file C:/Users/asus/Desktop/VLSI_lab1/lab1_a3/lab1_a3.srcs/sim_1/imports/iir_a3/a3_testbench.v at line 48 is not valid.
               0
ERROR: File descriptor (0) passed to $fscanf in file C:/Users/asus/Desktop/VLSI_lab1/lab1_a3/lab1_a3.srcs/sim_1/imports/iir_a3/a3_testbench.v at line 48 is not valid.
               0
ERROR: File descriptor (0) passed to $fscanf in file C:/Users/asus/Desktop/VLSI_lab1/lab1_a3/lab1_a3.srcs/sim_1/imports/iir_a3/a3_testbench.v at line 48 is not valid.
               0
ERROR: File descriptor (0) passed to $fscanf in file C:/Users/asus/Desktop/VLSI_lab1/lab1_a3/lab1_a3.srcs/sim_1/imports/iir_a3/a3_testbench.v at line 48 is not valid.
               0
ERROR: File descriptor (0) passed to $fscanf in file C:/Users/asus/Desktop/VLSI_lab1/lab1_a3/lab1_a3.srcs/sim_1/imports/iir_a3/a3_testbench.v at line 48 is not valid.
               0
ERROR: File descriptor (0) passed to $fscanf in file C:/Users/asus/Desktop/VLSI_lab1/lab1_a3/lab1_a3.srcs/sim_1/imports/iir_a3/a3_testbench.v at line 48 is not valid.
               0
ERROR: File descriptor (0) passed to $fscanf in file C:/Users/asus/Desktop/VLSI_lab1/lab1_a3/lab1_a3.srcs/sim_1/imports/iir_a3/a3_testbench.v at line 48 is not valid.
               0
ERROR: File descriptor (0) passed to $fscanf in file C:/Users/asus/Desktop/VLSI_lab1/lab1_a3/lab1_a3.srcs/sim_1/imports/iir_a3/a3_testbench.v at line 48 is not valid.
               0
ERROR: File descriptor (0) passed to $fscanf in file C:/Users/asus/Desktop/VLSI_lab1/lab1_a3/lab1_a3.srcs/sim_1/imports/iir_a3/a3_testbench.v at line 48 is not valid.
               0
ERROR: File descriptor (0) passed to $fscanf in file C:/Users/asus/Desktop/VLSI_lab1/lab1_a3/lab1_a3.srcs/sim_1/imports/iir_a3/a3_testbench.v at line 48 is not valid.
               0
ERROR: File descriptor (0) passed to $fscanf in file C:/Users/asus/Desktop/VLSI_lab1/lab1_a3/lab1_a3.srcs/sim_1/imports/iir_a3/a3_testbench.v at line 48 is not valid.
               0
ERROR: File descriptor (0) passed to $fscanf in file C:/Users/asus/Desktop/VLSI_lab1/lab1_a3/lab1_a3.srcs/sim_1/imports/iir_a3/a3_testbench.v at line 48 is not valid.
               0
ERROR: File descriptor (0) passed to $fscanf in file C:/Users/asus/Desktop/VLSI_lab1/lab1_a3/lab1_a3.srcs/sim_1/imports/iir_a3/a3_testbench.v at line 48 is not valid.
               0
ERROR: File descriptor (0) passed to $fscanf in file C:/Users/asus/Desktop/VLSI_lab1/lab1_a3/lab1_a3.srcs/sim_1/imports/iir_a3/a3_testbench.v at line 48 is not valid.
               0
ERROR: File descriptor (0) passed to $fscanf in file C:/Users/asus/Desktop/VLSI_lab1/lab1_a3/lab1_a3.srcs/sim_1/imports/iir_a3/a3_testbench.v at line 48 is not valid.
               0
ERROR: File descriptor (0) passed to $fscanf in file C:/Users/asus/Desktop/VLSI_lab1/lab1_a3/lab1_a3.srcs/sim_1/imports/iir_a3/a3_testbench.v at line 48 is not valid.
               0
ERROR: File descriptor (0) passed to $fscanf in file C:/Users/asus/Desktop/VLSI_lab1/lab1_a3/lab1_a3.srcs/sim_1/imports/iir_a3/a3_testbench.v at line 48 is not valid.
               0
ERROR: File descriptor (0) passed to $fscanf in file C:/Users/asus/Desktop/VLSI_lab1/lab1_a3/lab1_a3.srcs/sim_1/imports/iir_a3/a3_testbench.v at line 48 is not valid.
               0
ERROR: File descriptor (0) passed to $fscanf in file C:/Users/asus/Desktop/VLSI_lab1/lab1_a3/lab1_a3.srcs/sim_1/imports/iir_a3/a3_testbench.v at line 48 is not valid.
               0
ERROR: File descriptor (0) passed to $fscanf in file C:/Users/asus/Desktop/VLSI_lab1/lab1_a3/lab1_a3.srcs/sim_1/imports/iir_a3/a3_testbench.v at line 48 is not valid.
               0
ERROR: File descriptor (0) passed to $fscanf in file C:/Users/asus/Desktop/VLSI_lab1/lab1_a3/lab1_a3.srcs/sim_1/imports/iir_a3/a3_testbench.v at line 48 is not valid.
               0
ERROR: File descriptor (0) passed to $fscanf in file C:/Users/asus/Desktop/VLSI_lab1/lab1_a3/lab1_a3.srcs/sim_1/imports/iir_a3/a3_testbench.v at line 48 is not valid.
               0
ERROR: File descriptor (0) passed to $fscanf in file C:/Users/asus/Desktop/VLSI_lab1/lab1_a3/lab1_a3.srcs/sim_1/imports/iir_a3/a3_testbench.v at line 48 is not valid.
               0
ERROR: File descriptor (0) passed to $fscanf in file C:/Users/asus/Desktop/VLSI_lab1/lab1_a3/lab1_a3.srcs/sim_1/imports/iir_a3/a3_testbench.v at line 48 is not valid.
               0
ERROR: File descriptor (0) passed to $fscanf in file C:/Users/asus/Desktop/VLSI_lab1/lab1_a3/lab1_a3.srcs/sim_1/imports/iir_a3/a3_testbench.v at line 48 is not valid.
               0
ERROR: File descriptor (0) passed to $fscanf in file C:/Users/asus/Desktop/VLSI_lab1/lab1_a3/lab1_a3.srcs/sim_1/imports/iir_a3/a3_testbench.v at line 48 is not valid.
               0
ERROR: File descriptor (0) passed to $fscanf in file C:/Users/asus/Desktop/VLSI_lab1/lab1_a3/lab1_a3.srcs/sim_1/imports/iir_a3/a3_testbench.v at line 48 is not valid.
               0
ERROR: File descriptor (0) passed to $fscanf in file C:/Users/asus/Desktop/VLSI_lab1/lab1_a3/lab1_a3.srcs/sim_1/imports/iir_a3/a3_testbench.v at line 48 is not valid.
               0
ERROR: File descriptor (0) passed to $fscanf in file C:/Users/asus/Desktop/VLSI_lab1/lab1_a3/lab1_a3.srcs/sim_1/imports/iir_a3/a3_testbench.v at line 48 is not valid.
               0
ERROR: File descriptor (0) passed to $fscanf in file C:/Users/asus/Desktop/VLSI_lab1/lab1_a3/lab1_a3.srcs/sim_1/imports/iir_a3/a3_testbench.v at line 48 is not valid.
               0
ERROR: File descriptor (0) passed to $fscanf in file C:/Users/asus/Desktop/VLSI_lab1/lab1_a3/lab1_a3.srcs/sim_1/imports/iir_a3/a3_testbench.v at line 48 is not valid.
               0
ERROR: File descriptor (0) passed to $fscanf in file C:/Users/asus/Desktop/VLSI_lab1/lab1_a3/lab1_a3.srcs/sim_1/imports/iir_a3/a3_testbench.v at line 48 is not valid.
               0
ERROR: File descriptor (0) passed to $fscanf in file C:/Users/asus/Desktop/VLSI_lab1/lab1_a3/lab1_a3.srcs/sim_1/imports/iir_a3/a3_testbench.v at line 48 is not valid.
               0
ERROR: File descriptor (0) passed to $fscanf in file C:/Users/asus/Desktop/VLSI_lab1/lab1_a3/lab1_a3.srcs/sim_1/imports/iir_a3/a3_testbench.v at line 48 is not valid.
               0
ERROR: File descriptor (0) passed to $fscanf in file C:/Users/asus/Desktop/VLSI_lab1/lab1_a3/lab1_a3.srcs/sim_1/imports/iir_a3/a3_testbench.v at line 48 is not valid.
               0
ERROR: File descriptor (0) passed to $fscanf in file C:/Users/asus/Desktop/VLSI_lab1/lab1_a3/lab1_a3.srcs/sim_1/imports/iir_a3/a3_testbench.v at line 48 is not valid.
               0
ERROR: File descriptor (0) passed to $fscanf in file C:/Users/asus/Desktop/VLSI_lab1/lab1_a3/lab1_a3.srcs/sim_1/imports/iir_a3/a3_testbench.v at line 48 is not valid.
               0
ERROR: File descriptor (0) passed to $fscanf in file C:/Users/asus/Desktop/VLSI_lab1/lab1_a3/lab1_a3.srcs/sim_1/imports/iir_a3/a3_testbench.v at line 48 is not valid.
               0
ERROR: File descriptor (0) passed to $fscanf in file C:/Users/asus/Desktop/VLSI_lab1/lab1_a3/lab1_a3.srcs/sim_1/imports/iir_a3/a3_testbench.v at line 48 is not valid.
               0
ERROR: File descriptor (0) passed to $fscanf in file C:/Users/asus/Desktop/VLSI_lab1/lab1_a3/lab1_a3.srcs/sim_1/imports/iir_a3/a3_testbench.v at line 48 is not valid.
               0
ERROR: File descriptor (0) passed to $fscanf in file C:/Users/asus/Desktop/VLSI_lab1/lab1_a3/lab1_a3.srcs/sim_1/imports/iir_a3/a3_testbench.v at line 48 is not valid.
               0
ERROR: File descriptor (0) passed to $fscanf in file C:/Users/asus/Desktop/VLSI_lab1/lab1_a3/lab1_a3.srcs/sim_1/imports/iir_a3/a3_testbench.v at line 48 is not valid.
               0
ERROR: File descriptor (0) passed to $fscanf in file C:/Users/asus/Desktop/VLSI_lab1/lab1_a3/lab1_a3.srcs/sim_1/imports/iir_a3/a3_testbench.v at line 48 is not valid.
               0
